<?xml version="1.0" encoding="UTF-8"?>
<!-- Generated by org.testng.reporters.JUnitXMLReporter -->
<testsuite ignored="1" hostname="Nanda" failures="0" tests="6" name="Default test" time="14.315" errors="0" timestamp="2024-05-12T12:14:05 IST">
  <testcase classname="api.test.DDTests" name="testPostUserUsingExcel" time="4.876"/>
  <testcase classname="api.test.DDTests" name="testPostUserUsingExcel" time="1.256"/>
  <testcase classname="api.test.DDTests" name="testPostUserUsingExcel" time="1.342"/>
  <testcase classname="api.test.DDTests" name="testDeleteUserByName" time="1.357"/>
  <testcase classname="api.test.DDTests" name="testDeleteUserByName" time="1.5"/>
  <testcase classname="api.test.DDTests" name="testDeleteUserByName" time="1.427"/>
  <testcase classname="api.test.DDTests" name="testGetUserByName" time="0.0">
    <ignored/>
  </testcase> <!-- testGetUserByName -->
</testsuite> <!-- Default test -->
