<?xml version="1.0" encoding="UTF-8"?>
<testsuite xmlns:xsi="http://www.w3.org/2001/XMLSchema-instance" xsi:noNamespaceSchemaLocation="https://maven.apache.org/surefire/maven-surefire-plugin/xsd/surefire-test-report-3.0.xsd" version="3.0" name="TestSuite" time="16.955" tests="8" errors="0" skipped="0" failures="0">
  <properties>
[...]
</properties>
  <testcase name="testPostUser" classname="api.test.UserTests" time="3.265">
    <system-out><![CDATA[HTTP/1.1 200 OK
Date: Mon, 13 May 2024 02:53:37 GMT
Content-Type: application/json
Transfer-Encoding: chunked
Connection: keep-alive
Access-Control-Allow-Origin: *
Access-Control-Allow-Methods: GET, POST, DELETE, PUT
Access-Control-Allow-Headers: Content-Type, api_key, Authorization
Server: Jetty(9.2.9.v20150224)

{
    "code": 200,
    "type": "unknown",
    "message": "110651474"
}
{
    "code": 200,
    "type": "unknown",
    "message": "110651474"
}
]]></system-out>
    <system-err><![CDATA[SLF4J: Failed to load class "org.slf4j.impl.StaticLoggerBinder".
SLF4J: Defaulting to no-operation (NOP) logger implementation
SLF4J: See http://www.slf4j.org/codes.html#StaticLoggerBinder for further details.
]]></system-err>
  </testcase>
  <testcase name="testGetUserByName" classname="api.test.UserTests" time="1.213">
    <system-out><![CDATA[HTTP/1.1 200 OK
Date: Mon, 13 May 2024 02:53:39 GMT
Content-Type: application/json
Transfer-Encoding: chunked
Connection: keep-alive
Access-Control-Allow-Origin: *
Access-Control-Allow-Methods: GET, POST, DELETE, PUT
Access-Control-Allow-Headers: Content-Type, api_key, Authorization
Server: Jetty(9.2.9.v20150224)

{
    "id": 110651474,
    "username": "noel.kihn",
    "firstName": "Malcom",
    "lastName": "Satterfield",
    "email": "ismael.bernier@example.com",
    "password": "3i9aqi",
    "phone": "279-398-2692",
    "userStatus": 0
}
]]></system-out>
  </testcase>
  <testcase name="testUpdateUserByName" classname="api.test.UserTests" time="2.466">
    <system-out><![CDATA[{
    "code": 200,
    "type": "unknown",
    "message": "110651474"
}
HTTP/1.1 200 OK
Date: Mon, 13 May 2024 02:53:41 GMT
Content-Type: application/json
Transfer-Encoding: chunked
Connection: keep-alive
Access-Control-Allow-Origin: *
Access-Control-Allow-Methods: GET, POST, DELETE, PUT
Access-Control-Allow-Headers: Content-Type, api_key, Authorization
Server: Jetty(9.2.9.v20150224)

{
    "id": 110651474,
    "username": "noel.kihn",
    "firstName": "Laraine",
    "lastName": "Sawayn",
    "email": "odell.okon@example.com",
    "password": "3i9aqi",
    "phone": "279-398-2692",
    "userStatus": 0
}
]]></system-out>
  </testcase>
  <testcase name="testDeleteUserByName" classname="api.test.UserTests" time="1.185">
    <system-out><![CDATA[HTTP/1.1 200 OK
Date: Mon, 13 May 2024 02:53:42 GMT
Content-Type: application/json
Transfer-Encoding: chunked
Connection: keep-alive
Access-Control-Allow-Origin: *
Access-Control-Allow-Methods: GET, POST, DELETE, PUT
Access-Control-Allow-Headers: Content-Type, api_key, Authorization
Server: Jetty(9.2.9.v20150224)

{
    "code": 200,
    "type": "unknown",
    "message": "noel.kihn"
}
]]></system-out>
  </testcase>
  <testcase name="testPostUser" classname="api.test.UserTests2" time="1.249">
    <system-out><![CDATA[HTTP/1.1 200 OK
Date: Mon, 13 May 2024 02:53:44 GMT
Content-Type: application/json
Transfer-Encoding: chunked
Connection: keep-alive
Access-Control-Allow-Origin: *
Access-Control-Allow-Methods: GET, POST, DELETE, PUT
Access-Control-Allow-Headers: Content-Type, api_key, Authorization
Server: Jetty(9.2.9.v20150224)

{
    "code": 200,
    "type": "unknown",
    "message": "1463856502"
}
{
    "code": 200,
    "type": "unknown",
    "message": "1463856502"
}
]]></system-out>
  </testcase>
  <testcase name="testGetUserByName" classname="api.test.UserTests2" time="1.206">
    <system-out><![CDATA[HTTP/1.1 200 OK
Date: Mon, 13 May 2024 02:53:45 GMT
Content-Type: application/json
Transfer-Encoding: chunked
Connection: keep-alive
Access-Control-Allow-Origin: *
Access-Control-Allow-Methods: GET, POST, DELETE, PUT
Access-Control-Allow-Headers: Content-Type, api_key, Authorization
Server: Jetty(9.2.9.v20150224)

{
    "id": 1463856502,
    "username": "leana.mills",
    "firstName": "Charissa",
    "lastName": "Weber",
    "email": "dimple.oberbrunner@example.com",
    "password": "1bu8k8r",
    "phone": "(935) 711-8604",
    "userStatus": 0
}
]]></system-out>
  </testcase>
  <testcase name="testUpdateUserByName" classname="api.test.UserTests2" time="2.377">
    <system-out><![CDATA[{
    "code": 200,
    "type": "unknown",
    "message": "1463856502"
}
HTTP/1.1 200 OK
Date: Mon, 13 May 2024 02:53:47 GMT
Content-Type: application/json
Transfer-Encoding: chunked
Connection: keep-alive
Access-Control-Allow-Origin: *
Access-Control-Allow-Methods: GET, POST, DELETE, PUT
Access-Control-Allow-Headers: Content-Type, api_key, Authorization
Server: Jetty(9.2.9.v20150224)

{
    "id": 1463856502,
    "username": "leana.mills",
    "firstName": "Aida",
    "lastName": "Johns",
    "email": "terrance.herman@example.com",
    "password": "1bu8k8r",
    "phone": "(935) 711-8604",
    "userStatus": 0
}
]]></system-out>
  </testcase>
  <testcase name="testDeleteUserByName" classname="api.test.UserTests2" time="1.243">
    <system-out><![CDATA[HTTP/1.1 200 OK
Date: Mon, 13 May 2024 02:53:49 GMT
Content-Type: application/json
Transfer-Encoding: chunked
Connection: keep-alive
Access-Control-Allow-Origin: *
Access-Control-Allow-Methods: GET, POST, DELETE, PUT
Access-Control-Allow-Headers: Content-Type, api_key, Authorization
Server: Jetty(9.2.9.v20150224)

{
    "code": 200,
    "type": "unknown",
    "message": "leana.mills"
}
]]></system-out>
  </testcase>
</testsuite>