<?xml version="1.0" encoding="UTF-8"?>
<testng-results ignored="0" total="8" passed="8" failed="0" skipped="0">
  <reporter-output>
  </reporter-output>
  <suite started-at="2024-05-13T08:23:34 IST" name="PetSuite" finished-at="2024-05-13T08:23:49 IST" duration-ms="15591">
    <groups>
    </groups>
    <test started-at="2024-05-13T08:23:34 IST" name="PetTests" finished-at="2024-05-13T08:23:49 IST" duration-ms="15591">
      <class name="api.test.UserTests2">
        <test-method is-config="true" signature="setup()[pri:0, instance:api.test.UserTests2@6572421]" started-at="2024-05-13T08:23:43 IST" name="setup" finished-at="2024-05-13T08:23:43 IST" duration-ms="59" status="PASS">
          <reporter-output>
          </reporter-output>
        </test-method> <!-- setup -->
        <test-method signature="testPostUser()[pri:1, instance:api.test.UserTests2@6572421]" started-at="2024-05-13T08:23:43 IST" name="testPostUser" finished-at="2024-05-13T08:23:45 IST" duration-ms="1244" status="PASS">
          <reporter-output>
          </reporter-output>
        </test-method> <!-- testPostUser -->
        <test-method signature="testGetUserByName()[pri:2, instance:api.test.UserTests2@6572421]" started-at="2024-05-13T08:23:45 IST" name="testGetUserByName" finished-at="2024-05-13T08:23:46 IST" duration-ms="1204" status="PASS">
          <reporter-output>
          </reporter-output>
        </test-method> <!-- testGetUserByName -->
        <test-method signature="testUpdateUserByName()[pri:3, instance:api.test.UserTests2@6572421]" started-at="2024-05-13T08:23:46 IST" name="testUpdateUserByName" finished-at="2024-05-13T08:23:48 IST" duration-ms="2361" status="PASS">
          <reporter-output>
          </reporter-output>
        </test-method> <!-- testUpdateUserByName -->
        <test-method signature="testDeleteUserByName()[pri:4, instance:api.test.UserTests2@6572421]" started-at="2024-05-13T08:23:48 IST" name="testDeleteUserByName" finished-at="2024-05-13T08:23:49 IST" duration-ms="1255" status="PASS">
          <reporter-output>
          </reporter-output>
        </test-method> <!-- testDeleteUserByName -->
      </class> <!-- api.test.UserTests2 -->
      <class name="api.test.UserTests">
        <test-method is-config="true" signature="setup()[pri:0, instance:api.test.UserTests@12468a38]" started-at="2024-05-13T08:23:34 IST" name="setup" finished-at="2024-05-13T08:23:35 IST" duration-ms="1015" status="PASS">
          <reporter-output>
          </reporter-output>
        </test-method> <!-- setup -->
        <test-method signature="testPostUser()[pri:1, instance:api.test.UserTests@12468a38]" started-at="2024-05-13T08:23:35 IST" name="testPostUser" finished-at="2024-05-13T08:23:38 IST" duration-ms="3255" status="PASS">
          <reporter-output>
          </reporter-output>
        </test-method> <!-- testPostUser -->
        <test-method signature="testGetUserByName()[pri:2, instance:api.test.UserTests@12468a38]" started-at="2024-05-13T08:23:38 IST" name="testGetUserByName" finished-at="2024-05-13T08:23:40 IST" duration-ms="1200" status="PASS">
          <reporter-output>
          </reporter-output>
        </test-method> <!-- testGetUserByName -->
        <test-method signature="testUpdateUserByName()[pri:3, instance:api.test.UserTests@12468a38]" started-at="2024-05-13T08:23:40 IST" name="testUpdateUserByName" finished-at="2024-05-13T08:23:42 IST" duration-ms="2467" status="PASS">
          <reporter-output>
          </reporter-output>
        </test-method> <!-- testUpdateUserByName -->
        <test-method signature="testDeleteUserByName()[pri:4, instance:api.test.UserTests@12468a38]" started-at="2024-05-13T08:23:42 IST" name="testDeleteUserByName" finished-at="2024-05-13T08:23:43 IST" duration-ms="1181" status="PASS">
          <reporter-output>
          </reporter-output>
        </test-method> <!-- testDeleteUserByName -->
      </class> <!-- api.test.UserTests -->
    </test> <!-- PetTests -->
  </suite> <!-- PetSuite -->
</testng-results>
