<?xml version="1.0" encoding="UTF-8"?>
<testng-results ignored="0" total="8" passed="8" failed="0" skipped="0">
  <reporter-output>
  </reporter-output>
  <suite started-at="2024-05-13T07:28:57 IST" name="PetSuite" finished-at="2024-05-13T07:29:12 IST" duration-ms="15358">
    <groups>
    </groups>
    <test started-at="2024-05-13T07:28:57 IST" name="PetTests" finished-at="2024-05-13T07:29:12 IST" duration-ms="15358">
      <class name="api.test.UserTests2">
        <test-method is-config="true" signature="setup()[pri:0, instance:api.test.UserTests2@795509d9]" started-at="2024-05-13T07:29:06 IST" name="setup" finished-at="2024-05-13T07:29:06 IST" duration-ms="39" status="PASS">
          <reporter-output>
          </reporter-output>
        </test-method> <!-- setup -->
        <test-method signature="testPostUser()[pri:1, instance:api.test.UserTests2@795509d9]" started-at="2024-05-13T07:29:06 IST" name="testPostUser" finished-at="2024-05-13T07:29:07 IST" duration-ms="1197" status="PASS">
          <reporter-output>
          </reporter-output>
        </test-method> <!-- testPostUser -->
        <test-method signature="testGetUserByName()[pri:2, instance:api.test.UserTests2@795509d9]" started-at="2024-05-13T07:29:07 IST" name="testGetUserByName" finished-at="2024-05-13T07:29:08 IST" duration-ms="1172" status="PASS">
          <reporter-output>
          </reporter-output>
        </test-method> <!-- testGetUserByName -->
        <test-method signature="testUpdateUserByName()[pri:3, instance:api.test.UserTests2@795509d9]" started-at="2024-05-13T07:29:08 IST" name="testUpdateUserByName" finished-at="2024-05-13T07:29:11 IST" duration-ms="2401" status="PASS">
          <reporter-output>
          </reporter-output>
        </test-method> <!-- testUpdateUserByName -->
        <test-method signature="testDeleteUserByName()[pri:4, instance:api.test.UserTests2@795509d9]" started-at="2024-05-13T07:29:11 IST" name="testDeleteUserByName" finished-at="2024-05-13T07:29:12 IST" duration-ms="1219" status="PASS">
          <reporter-output>
          </reporter-output>
        </test-method> <!-- testDeleteUserByName -->
      </class> <!-- api.test.UserTests2 -->
      <class name="api.test.UserTests">
        <test-method is-config="true" signature="setup()[pri:0, instance:api.test.UserTests@74d1dc36]" started-at="2024-05-13T07:28:57 IST" name="setup" finished-at="2024-05-13T07:28:58 IST" duration-ms="955" status="PASS">
          <reporter-output>
          </reporter-output>
        </test-method> <!-- setup -->
        <test-method signature="testPostUser()[pri:1, instance:api.test.UserTests@74d1dc36]" started-at="2024-05-13T07:28:58 IST" name="testPostUser" finished-at="2024-05-13T07:29:01 IST" duration-ms="3196" status="PASS">
          <reporter-output>
          </reporter-output>
        </test-method> <!-- testPostUser -->
        <test-method signature="testGetUserByName()[pri:2, instance:api.test.UserTests@74d1dc36]" started-at="2024-05-13T07:29:01 IST" name="testGetUserByName" finished-at="2024-05-13T07:29:02 IST" duration-ms="1190" status="PASS">
          <reporter-output>
          </reporter-output>
        </test-method> <!-- testGetUserByName -->
        <test-method signature="testUpdateUserByName()[pri:3, instance:api.test.UserTests@74d1dc36]" started-at="2024-05-13T07:29:02 IST" name="testUpdateUserByName" finished-at="2024-05-13T07:29:05 IST" duration-ms="2368" status="PASS">
          <reporter-output>
          </reporter-output>
        </test-method> <!-- testUpdateUserByName -->
        <test-method signature="testDeleteUserByName()[pri:4, instance:api.test.UserTests@74d1dc36]" started-at="2024-05-13T07:29:05 IST" name="testDeleteUserByName" finished-at="2024-05-13T07:29:06 IST" duration-ms="1157" status="PASS">
          <reporter-output>
          </reporter-output>
        </test-method> <!-- testDeleteUserByName -->
      </class> <!-- api.test.UserTests -->
    </test> <!-- PetTests -->
  </suite> <!-- PetSuite -->
</testng-results>
