<?xml version="1.0" encoding="UTF-8"?>
<!-- Generated by org.testng.reporters.JUnitXMLReporter -->
<testsuite ignored="0" hostname="Nanda" failures="0" tests="8" name="PetTests" time="15.591" errors="0" timestamp="2024-05-13T08:23:50 IST">
  <testcase classname="api.test.UserTests" name="testPostUser" time="3.255"/>
  <testcase classname="api.test.UserTests" name="testGetUserByName" time="1.2"/>
  <testcase classname="api.test.UserTests" name="testUpdateUserByName" time="2.467"/>
  <testcase classname="api.test.UserTests" name="testDeleteUserByName" time="1.181"/>
  <testcase classname="api.test.UserTests2" name="testPostUser" time="1.244"/>
  <testcase classname="api.test.UserTests2" name="testGetUserByName" time="1.204"/>
  <testcase classname="api.test.UserTests2" name="testUpdateUserByName" time="2.361"/>
  <testcase classname="api.test.UserTests2" name="testDeleteUserByName" time="1.255"/>
</testsuite> <!-- PetTests -->
