<?xml version="1.0" encoding="UTF-8"?>
<!-- Generated by org.testng.reporters.JUnitXMLReporter -->
<testsuite ignored="0" hostname="Nanda" failures="0" tests="8" name="PetTests" time="15.358" errors="0" timestamp="2024-05-13T07:29:12 IST">
  <testcase classname="api.test.UserTests" name="testPostUser" time="3.196"/>
  <testcase classname="api.test.UserTests" name="testGetUserByName" time="1.19"/>
  <testcase classname="api.test.UserTests" name="testUpdateUserByName" time="2.368"/>
  <testcase classname="api.test.UserTests" name="testDeleteUserByName" time="1.157"/>
  <testcase classname="api.test.UserTests2" name="testPostUser" time="1.197"/>
  <testcase classname="api.test.UserTests2" name="testGetUserByName" time="1.172"/>
  <testcase classname="api.test.UserTests2" name="testUpdateUserByName" time="2.401"/>
  <testcase classname="api.test.UserTests2" name="testDeleteUserByName" time="1.219"/>
</testsuite> <!-- PetTests -->
